<?xml version="1.0" encoding="UTF-8"?>
<!-- Generated by org.testng.reporters.JUnitXMLReporter -->
<testsuite ignored="1" hostname="CMDLHRLTX542" failures="1" tests="2" name="Submit Order Test" time="17.29" errors="0" timestamp="2024-05-15T08:49:25 EDT">
  <testcase classname="FrameWorks.SeleniumFrameWorkDesign.SubmitOrderTest" name="submitOrder" time="5.825"/>
  <testcase classname="FrameWorks.SeleniumFrameWorkDesign.SubmitOrderTest" name="submitOrder" time="0.692">
    <failure type="java.lang.NullPointerException" message="Cannot invoke &amp;quot;org.openqa.selenium.WebElement.findElement(org.openqa.selenium.By)&amp;quot; because &amp;quot;prod&amp;quot; is null">
      <![CDATA[java.lang.NullPointerException: Cannot invoke "org.openqa.selenium.WebElement.findElement(org.openqa.selenium.By)" because "prod" is null
at FrameWorks.SeleniumFrameWorkDesign.pageobjects.ProductCatalogue.addProductToCart(ProductCatalogue.java:55)
at FrameWorks.SeleniumFrameWorkDesign.SubmitOrderTest.submitOrder(SubmitOrderTest.java:42)
at java.base/java.util.ArrayList.forEach(ArrayList.java:1596)
at java.base/java.util.concurrent.FutureTask.run(FutureTask.java:317)
at java.base/java.util.concurrent.ThreadPoolExecutor.runWorker(ThreadPoolExecutor.java:1144)
at java.base/java.util.concurrent.ThreadPoolExecutor$Worker.run(ThreadPoolExecutor.java:642)
at java.base/java.lang.Thread.run(Thread.java:1583)
... Removed 15 stack frames]]>
    </failure>
  </testcase> <!-- submitOrder -->
  <testcase classname="FrameWorks.SeleniumFrameWorkDesign.SubmitOrderTest" name="OrderHistoryTest" time="0.0">
    <ignored/>
  </testcase> <!-- OrderHistoryTest -->
</testsuite> <!-- Submit Order Test -->
