<?xml version="1.0" encoding="UTF-8"?>
<!-- Generated by org.testng.reporters.JUnitXMLReporter -->
<testsuite ignored="2" hostname="CMDLHRLTX542" failures="0" tests="0" time="0.01" errors="0" timestamp="2024-05-15T09:01:09 EDT">
  <testcase classname="FrameWorks.SeleniumFrameWorkDesign.ErrorValidationsTest" name="submitOrder" time="0.0">
    <ignored/>
  </testcase> <!-- submitOrder -->
  <testcase classname="FrameWorks.SeleniumFrameWorkDesign.ErrorValidationsTest" name="ProductErroValidation" time="0.0">
    <ignored/>
  </testcase> <!-- ProductErroValidation -->
</testsuite>
